[0.173s] DEBUG:colcon:Command line arguments: ['/usr/bin/colcon', 'list']
[0.173s] DEBUG:colcon:Parsed command line arguments: Namespace(log_base=None, log_level=None, verb_name='list', build_base='build', ignore_user_meta=False, metas=['./colcon.meta'], base_paths=['.'], packages_ignore=None, packages_ignore_regex=None, paths=None, packages_up_to=None, packages_up_to_regex=None, packages_above=None, packages_above_and_dependencies=None, packages_above_depth=None, packages_select_by_dep=None, packages_skip_by_dep=None, packages_skip_up_to=None, packages_select_build_failed=False, packages_skip_build_finished=False, packages_select_test_failures=False, packages_skip_test_passed=False, packages_select=None, packages_skip=None, packages_select_regex=None, packages_skip_regex=None, packages_start=None, packages_end=None, allow_overriding=[], topological_order=False, names_only=False, paths_only=False, topological_graph=False, topological_graph_dot=False, topological_graph_density=False, topological_graph_legend=False, topological_graph_dot_cluster=False, topological_graph_dot_include_skipped=False, verb_parser=<colcon_defaults.argument_parser.defaults.DefaultArgumentsDecorator object at 0xffff978414e0>, verb_extension=<colcon_package_information.verb.list.ListVerb object at 0xffff979f6020>, main=<bound method ListVerb.main of <colcon_package_information.verb.list.ListVerb object at 0xffff979f6020>>)
[0.480s] Level 1:colcon.colcon_core.package_discovery:discover_packages(colcon_meta) check parameters
[0.481s] Level 1:colcon.colcon_core.package_discovery:discover_packages(recursive) check parameters
[0.481s] Level 1:colcon.colcon_core.package_discovery:discover_packages(ignore) check parameters
[0.481s] Level 1:colcon.colcon_core.package_discovery:discover_packages(path) check parameters
[0.481s] Level 1:colcon.colcon_core.package_discovery:discover_packages(colcon_meta) discover
[0.481s] Level 1:colcon.colcon_core.package_discovery:discover_packages(recursive) discover
[0.481s] INFO:colcon.colcon_core.package_discovery:Crawling recursively for packages in '/home/severin/dev/r2d2'
[0.481s] Level 1:colcon.colcon_core.package_identification:_identify(.) by extensions ['ignore', 'ignore_ament_install']
[0.482s] Level 1:colcon.colcon_core.package_identification:_identify(.) by extension 'ignore'
[0.482s] Level 1:colcon.colcon_core.package_identification:_identify(.) by extension 'ignore_ament_install'
[0.482s] Level 1:colcon.colcon_core.package_identification:_identify(.) by extensions ['colcon_pkg']
[0.482s] Level 1:colcon.colcon_core.package_identification:_identify(.) by extension 'colcon_pkg'
[0.482s] Level 1:colcon.colcon_core.package_identification:_identify(.) by extensions ['colcon_meta']
[0.482s] Level 1:colcon.colcon_core.package_identification:_identify(.) by extension 'colcon_meta'
[0.482s] Level 1:colcon.colcon_core.package_identification:_identify(.) by extensions ['ros']
[0.482s] Level 1:colcon.colcon_core.package_identification:_identify(.) by extension 'ros'
[0.503s] Level 1:colcon.colcon_core.package_identification:_identify(.) by extensions ['cmake', 'python']
[0.503s] Level 1:colcon.colcon_core.package_identification:_identify(.) by extension 'cmake'
[0.504s] Level 1:colcon.colcon_core.package_identification:_identify(.) by extension 'python'
[0.504s] Level 1:colcon.colcon_core.package_identification:_identify(.) by extensions ['python_setup_py']
[0.504s] Level 1:colcon.colcon_core.package_identification:_identify(.) by extension 'python_setup_py'
[0.504s] Level 1:colcon.colcon_core.package_identification:_identify(data) by extensions ['ignore', 'ignore_ament_install']
[0.504s] Level 1:colcon.colcon_core.package_identification:_identify(data) by extension 'ignore'
[0.504s] Level 1:colcon.colcon_core.package_identification:_identify(data) by extension 'ignore_ament_install'
[0.504s] Level 1:colcon.colcon_core.package_identification:_identify(data) by extensions ['colcon_pkg']
[0.505s] Level 1:colcon.colcon_core.package_identification:_identify(data) by extension 'colcon_pkg'
[0.505s] Level 1:colcon.colcon_core.package_identification:_identify(data) by extensions ['colcon_meta']
[0.505s] Level 1:colcon.colcon_core.package_identification:_identify(data) by extension 'colcon_meta'
[0.505s] Level 1:colcon.colcon_core.package_identification:_identify(data) by extensions ['ros']
[0.505s] Level 1:colcon.colcon_core.package_identification:_identify(data) by extension 'ros'
[0.505s] Level 1:colcon.colcon_core.package_identification:_identify(data) by extensions ['cmake', 'python']
[0.505s] Level 1:colcon.colcon_core.package_identification:_identify(data) by extension 'cmake'
[0.505s] Level 1:colcon.colcon_core.package_identification:_identify(data) by extension 'python'
[0.505s] Level 1:colcon.colcon_core.package_identification:_identify(data) by extensions ['python_setup_py']
[0.505s] Level 1:colcon.colcon_core.package_identification:_identify(data) by extension 'python_setup_py'
[0.505s] Level 1:colcon.colcon_core.package_identification:_identify(data/face_recognition) by extensions ['ignore', 'ignore_ament_install']
[0.506s] Level 1:colcon.colcon_core.package_identification:_identify(data/face_recognition) by extension 'ignore'
[0.506s] Level 1:colcon.colcon_core.package_identification:_identify(data/face_recognition) by extension 'ignore_ament_install'
[0.506s] Level 1:colcon.colcon_core.package_identification:_identify(data/face_recognition) by extensions ['colcon_pkg']
[0.506s] Level 1:colcon.colcon_core.package_identification:_identify(data/face_recognition) by extension 'colcon_pkg'
[0.506s] Level 1:colcon.colcon_core.package_identification:_identify(data/face_recognition) by extensions ['colcon_meta']
[0.506s] Level 1:colcon.colcon_core.package_identification:_identify(data/face_recognition) by extension 'colcon_meta'
[0.506s] Level 1:colcon.colcon_core.package_identification:_identify(data/face_recognition) by extensions ['ros']
[0.506s] Level 1:colcon.colcon_core.package_identification:_identify(data/face_recognition) by extension 'ros'
[0.506s] Level 1:colcon.colcon_core.package_identification:_identify(data/face_recognition) by extensions ['cmake', 'python']
[0.506s] Level 1:colcon.colcon_core.package_identification:_identify(data/face_recognition) by extension 'cmake'
[0.507s] Level 1:colcon.colcon_core.package_identification:_identify(data/face_recognition) by extension 'python'
[0.507s] Level 1:colcon.colcon_core.package_identification:_identify(data/face_recognition) by extensions ['python_setup_py']
[0.507s] Level 1:colcon.colcon_core.package_identification:_identify(data/face_recognition) by extension 'python_setup_py'
[0.507s] Level 1:colcon.colcon_core.package_identification:_identify(data/face_recognition/models) by extensions ['ignore', 'ignore_ament_install']
[0.507s] Level 1:colcon.colcon_core.package_identification:_identify(data/face_recognition/models) by extension 'ignore'
[0.507s] Level 1:colcon.colcon_core.package_identification:_identify(data/face_recognition/models) by extension 'ignore_ament_install'
[0.507s] Level 1:colcon.colcon_core.package_identification:_identify(data/face_recognition/models) by extensions ['colcon_pkg']
[0.507s] Level 1:colcon.colcon_core.package_identification:_identify(data/face_recognition/models) by extension 'colcon_pkg'
[0.507s] Level 1:colcon.colcon_core.package_identification:_identify(data/face_recognition/models) by extensions ['colcon_meta']
[0.507s] Level 1:colcon.colcon_core.package_identification:_identify(data/face_recognition/models) by extension 'colcon_meta'
[0.508s] Level 1:colcon.colcon_core.package_identification:_identify(data/face_recognition/models) by extensions ['ros']
[0.508s] Level 1:colcon.colcon_core.package_identification:_identify(data/face_recognition/models) by extension 'ros'
[0.508s] Level 1:colcon.colcon_core.package_identification:_identify(data/face_recognition/models) by extensions ['cmake', 'python']
[0.508s] Level 1:colcon.colcon_core.package_identification:_identify(data/face_recognition/models) by extension 'cmake'
[0.508s] Level 1:colcon.colcon_core.package_identification:_identify(data/face_recognition/models) by extension 'python'
[0.508s] Level 1:colcon.colcon_core.package_identification:_identify(data/face_recognition/models) by extensions ['python_setup_py']
[0.508s] Level 1:colcon.colcon_core.package_identification:_identify(data/face_recognition/models) by extension 'python_setup_py'
[0.509s] Level 1:colcon.colcon_core.package_identification:_identify(data/face_recognition/severin) by extensions ['ignore', 'ignore_ament_install']
[0.509s] Level 1:colcon.colcon_core.package_identification:_identify(data/face_recognition/severin) by extension 'ignore'
[0.509s] Level 1:colcon.colcon_core.package_identification:_identify(data/face_recognition/severin) by extension 'ignore_ament_install'
[0.509s] Level 1:colcon.colcon_core.package_identification:_identify(data/face_recognition/severin) by extensions ['colcon_pkg']
[0.509s] Level 1:colcon.colcon_core.package_identification:_identify(data/face_recognition/severin) by extension 'colcon_pkg'
[0.509s] Level 1:colcon.colcon_core.package_identification:_identify(data/face_recognition/severin) by extensions ['colcon_meta']
[0.509s] Level 1:colcon.colcon_core.package_identification:_identify(data/face_recognition/severin) by extension 'colcon_meta'
[0.509s] Level 1:colcon.colcon_core.package_identification:_identify(data/face_recognition/severin) by extensions ['ros']
[0.510s] Level 1:colcon.colcon_core.package_identification:_identify(data/face_recognition/severin) by extension 'ros'
[0.510s] Level 1:colcon.colcon_core.package_identification:_identify(data/face_recognition/severin) by extensions ['cmake', 'python']
[0.510s] Level 1:colcon.colcon_core.package_identification:_identify(data/face_recognition/severin) by extension 'cmake'
[0.510s] Level 1:colcon.colcon_core.package_identification:_identify(data/face_recognition/severin) by extension 'python'
[0.510s] Level 1:colcon.colcon_core.package_identification:_identify(data/face_recognition/severin) by extensions ['python_setup_py']
[0.510s] Level 1:colcon.colcon_core.package_identification:_identify(data/face_recognition/severin) by extension 'python_setup_py'
[0.510s] Level 1:colcon.colcon_core.package_identification:_identify(data/face_recognition/testperson) by extensions ['ignore', 'ignore_ament_install']
[0.510s] Level 1:colcon.colcon_core.package_identification:_identify(data/face_recognition/testperson) by extension 'ignore'
[0.510s] Level 1:colcon.colcon_core.package_identification:_identify(data/face_recognition/testperson) by extension 'ignore_ament_install'
[0.511s] Level 1:colcon.colcon_core.package_identification:_identify(data/face_recognition/testperson) by extensions ['colcon_pkg']
[0.511s] Level 1:colcon.colcon_core.package_identification:_identify(data/face_recognition/testperson) by extension 'colcon_pkg'
[0.511s] Level 1:colcon.colcon_core.package_identification:_identify(data/face_recognition/testperson) by extensions ['colcon_meta']
[0.511s] Level 1:colcon.colcon_core.package_identification:_identify(data/face_recognition/testperson) by extension 'colcon_meta'
[0.511s] Level 1:colcon.colcon_core.package_identification:_identify(data/face_recognition/testperson) by extensions ['ros']
[0.511s] Level 1:colcon.colcon_core.package_identification:_identify(data/face_recognition/testperson) by extension 'ros'
[0.511s] Level 1:colcon.colcon_core.package_identification:_identify(data/face_recognition/testperson) by extensions ['cmake', 'python']
[0.511s] Level 1:colcon.colcon_core.package_identification:_identify(data/face_recognition/testperson) by extension 'cmake'
[0.511s] Level 1:colcon.colcon_core.package_identification:_identify(data/face_recognition/testperson) by extension 'python'
[0.511s] Level 1:colcon.colcon_core.package_identification:_identify(data/face_recognition/testperson) by extensions ['python_setup_py']
[0.511s] Level 1:colcon.colcon_core.package_identification:_identify(data/face_recognition/testperson) by extension 'python_setup_py'
[0.512s] Level 1:colcon.colcon_core.package_identification:_identify(data/face_recognition/testuser) by extensions ['ignore', 'ignore_ament_install']
[0.512s] Level 1:colcon.colcon_core.package_identification:_identify(data/face_recognition/testuser) by extension 'ignore'
[0.512s] Level 1:colcon.colcon_core.package_identification:_identify(data/face_recognition/testuser) by extension 'ignore_ament_install'
[0.512s] Level 1:colcon.colcon_core.package_identification:_identify(data/face_recognition/testuser) by extensions ['colcon_pkg']
[0.512s] Level 1:colcon.colcon_core.package_identification:_identify(data/face_recognition/testuser) by extension 'colcon_pkg'
[0.512s] Level 1:colcon.colcon_core.package_identification:_identify(data/face_recognition/testuser) by extensions ['colcon_meta']
[0.512s] Level 1:colcon.colcon_core.package_identification:_identify(data/face_recognition/testuser) by extension 'colcon_meta'
[0.512s] Level 1:colcon.colcon_core.package_identification:_identify(data/face_recognition/testuser) by extensions ['ros']
[0.512s] Level 1:colcon.colcon_core.package_identification:_identify(data/face_recognition/testuser) by extension 'ros'
[0.512s] Level 1:colcon.colcon_core.package_identification:_identify(data/face_recognition/testuser) by extensions ['cmake', 'python']
[0.512s] Level 1:colcon.colcon_core.package_identification:_identify(data/face_recognition/testuser) by extension 'cmake'
[0.513s] Level 1:colcon.colcon_core.package_identification:_identify(data/face_recognition/testuser) by extension 'python'
[0.513s] Level 1:colcon.colcon_core.package_identification:_identify(data/face_recognition/testuser) by extensions ['python_setup_py']
[0.513s] Level 1:colcon.colcon_core.package_identification:_identify(data/face_recognition/testuser) by extension 'python_setup_py'
[0.513s] Level 1:colcon.colcon_core.package_identification:_identify(docs) by extensions ['ignore', 'ignore_ament_install']
[0.513s] Level 1:colcon.colcon_core.package_identification:_identify(docs) by extension 'ignore'
[0.513s] Level 1:colcon.colcon_core.package_identification:_identify(docs) by extension 'ignore_ament_install'
[0.513s] Level 1:colcon.colcon_core.package_identification:_identify(docs) by extensions ['colcon_pkg']
[0.513s] Level 1:colcon.colcon_core.package_identification:_identify(docs) by extension 'colcon_pkg'
[0.513s] Level 1:colcon.colcon_core.package_identification:_identify(docs) by extensions ['colcon_meta']
[0.513s] Level 1:colcon.colcon_core.package_identification:_identify(docs) by extension 'colcon_meta'
[0.513s] Level 1:colcon.colcon_core.package_identification:_identify(docs) by extensions ['ros']
[0.514s] Level 1:colcon.colcon_core.package_identification:_identify(docs) by extension 'ros'
[0.514s] Level 1:colcon.colcon_core.package_identification:_identify(docs) by extensions ['cmake', 'python']
[0.514s] Level 1:colcon.colcon_core.package_identification:_identify(docs) by extension 'cmake'
[0.514s] Level 1:colcon.colcon_core.package_identification:_identify(docs) by extension 'python'
[0.514s] Level 1:colcon.colcon_core.package_identification:_identify(docs) by extensions ['python_setup_py']
[0.514s] Level 1:colcon.colcon_core.package_identification:_identify(docs) by extension 'python_setup_py'
[0.514s] Level 1:colcon.colcon_core.package_identification:_identify(docs/photos) by extensions ['ignore', 'ignore_ament_install']
[0.514s] Level 1:colcon.colcon_core.package_identification:_identify(docs/photos) by extension 'ignore'
[0.514s] Level 1:colcon.colcon_core.package_identification:_identify(docs/photos) by extension 'ignore_ament_install'
[0.514s] Level 1:colcon.colcon_core.package_identification:_identify(docs/photos) by extensions ['colcon_pkg']
[0.515s] Level 1:colcon.colcon_core.package_identification:_identify(docs/photos) by extension 'colcon_pkg'
[0.515s] Level 1:colcon.colcon_core.package_identification:_identify(docs/photos) by extensions ['colcon_meta']
[0.515s] Level 1:colcon.colcon_core.package_identification:_identify(docs/photos) by extension 'colcon_meta'
[0.515s] Level 1:colcon.colcon_core.package_identification:_identify(docs/photos) by extensions ['ros']
[0.515s] Level 1:colcon.colcon_core.package_identification:_identify(docs/photos) by extension 'ros'
[0.515s] Level 1:colcon.colcon_core.package_identification:_identify(docs/photos) by extensions ['cmake', 'python']
[0.515s] Level 1:colcon.colcon_core.package_identification:_identify(docs/photos) by extension 'cmake'
[0.515s] Level 1:colcon.colcon_core.package_identification:_identify(docs/photos) by extension 'python'
[0.515s] Level 1:colcon.colcon_core.package_identification:_identify(docs/photos) by extensions ['python_setup_py']
[0.515s] Level 1:colcon.colcon_core.package_identification:_identify(docs/photos) by extension 'python_setup_py'
[0.515s] Level 1:colcon.colcon_core.package_identification:_identify(log) by extensions ['ignore', 'ignore_ament_install']
[0.516s] Level 1:colcon.colcon_core.package_identification:_identify(log) by extension 'ignore'
[0.516s] Level 1:colcon.colcon_core.package_identification:_identify(log) ignored
[0.516s] Level 1:colcon.colcon_core.package_identification:_identify(ros2_ws) by extensions ['ignore', 'ignore_ament_install']
[0.516s] Level 1:colcon.colcon_core.package_identification:_identify(ros2_ws) by extension 'ignore'
[0.516s] Level 1:colcon.colcon_core.package_identification:_identify(ros2_ws) by extension 'ignore_ament_install'
[0.516s] Level 1:colcon.colcon_core.package_identification:_identify(ros2_ws) by extensions ['colcon_pkg']
[0.516s] Level 1:colcon.colcon_core.package_identification:_identify(ros2_ws) by extension 'colcon_pkg'
[0.516s] Level 1:colcon.colcon_core.package_identification:_identify(ros2_ws) by extensions ['colcon_meta']
[0.516s] Level 1:colcon.colcon_core.package_identification:_identify(ros2_ws) by extension 'colcon_meta'
[0.517s] Level 1:colcon.colcon_core.package_identification:_identify(ros2_ws) by extensions ['ros']
[0.517s] Level 1:colcon.colcon_core.package_identification:_identify(ros2_ws) by extension 'ros'
[0.517s] Level 1:colcon.colcon_core.package_identification:_identify(ros2_ws) by extensions ['cmake', 'python']
[0.517s] Level 1:colcon.colcon_core.package_identification:_identify(ros2_ws) by extension 'cmake'
[0.517s] Level 1:colcon.colcon_core.package_identification:_identify(ros2_ws) by extension 'python'
[0.517s] Level 1:colcon.colcon_core.package_identification:_identify(ros2_ws) by extensions ['python_setup_py']
[0.517s] Level 1:colcon.colcon_core.package_identification:_identify(ros2_ws) by extension 'python_setup_py'
[0.517s] Level 1:colcon.colcon_core.package_identification:_identify(ros2_ws/build) by extensions ['ignore', 'ignore_ament_install']
[0.517s] Level 1:colcon.colcon_core.package_identification:_identify(ros2_ws/build) by extension 'ignore'
[0.517s] Level 1:colcon.colcon_core.package_identification:_identify(ros2_ws/build) ignored
[0.518s] Level 1:colcon.colcon_core.package_identification:_identify(ros2_ws/install) by extensions ['ignore', 'ignore_ament_install']
[0.518s] Level 1:colcon.colcon_core.package_identification:_identify(ros2_ws/install) by extension 'ignore'
[0.518s] Level 1:colcon.colcon_core.package_identification:_identify(ros2_ws/install) ignored
[0.518s] Level 1:colcon.colcon_core.package_identification:_identify(ros2_ws/log) by extensions ['ignore', 'ignore_ament_install']
[0.518s] Level 1:colcon.colcon_core.package_identification:_identify(ros2_ws/log) by extension 'ignore'
[0.518s] Level 1:colcon.colcon_core.package_identification:_identify(ros2_ws/log) ignored
[0.518s] Level 1:colcon.colcon_core.package_identification:_identify(ros2_ws/src) by extensions ['ignore', 'ignore_ament_install']
[0.518s] Level 1:colcon.colcon_core.package_identification:_identify(ros2_ws/src) by extension 'ignore'
[0.519s] Level 1:colcon.colcon_core.package_identification:_identify(ros2_ws/src) by extension 'ignore_ament_install'
[0.519s] Level 1:colcon.colcon_core.package_identification:_identify(ros2_ws/src) by extensions ['colcon_pkg']
[0.519s] Level 1:colcon.colcon_core.package_identification:_identify(ros2_ws/src) by extension 'colcon_pkg'
[0.519s] Level 1:colcon.colcon_core.package_identification:_identify(ros2_ws/src) by extensions ['colcon_meta']
[0.519s] Level 1:colcon.colcon_core.package_identification:_identify(ros2_ws/src) by extension 'colcon_meta'
[0.519s] Level 1:colcon.colcon_core.package_identification:_identify(ros2_ws/src) by extensions ['ros']
[0.519s] Level 1:colcon.colcon_core.package_identification:_identify(ros2_ws/src) by extension 'ros'
[0.519s] Level 1:colcon.colcon_core.package_identification:_identify(ros2_ws/src) by extensions ['cmake', 'python']
[0.519s] Level 1:colcon.colcon_core.package_identification:_identify(ros2_ws/src) by extension 'cmake'
[0.519s] Level 1:colcon.colcon_core.package_identification:_identify(ros2_ws/src) by extension 'python'
[0.519s] Level 1:colcon.colcon_core.package_identification:_identify(ros2_ws/src) by extensions ['python_setup_py']
[0.519s] Level 1:colcon.colcon_core.package_identification:_identify(ros2_ws/src) by extension 'python_setup_py'
[0.520s] Level 1:colcon.colcon_core.package_identification:_identify(ros2_ws/src/depthai-ros) by extensions ['ignore', 'ignore_ament_install']
[0.520s] Level 1:colcon.colcon_core.package_identification:_identify(ros2_ws/src/depthai-ros) by extension 'ignore'
[0.520s] Level 1:colcon.colcon_core.package_identification:_identify(ros2_ws/src/depthai-ros) ignored
[0.520s] Level 1:colcon.colcon_core.package_identification:_identify(ros2_ws/src/r2d2_bringup) by extensions ['ignore', 'ignore_ament_install']
[0.520s] Level 1:colcon.colcon_core.package_identification:_identify(ros2_ws/src/r2d2_bringup) by extension 'ignore'
[0.520s] Level 1:colcon.colcon_core.package_identification:_identify(ros2_ws/src/r2d2_bringup) by extension 'ignore_ament_install'
[0.520s] Level 1:colcon.colcon_core.package_identification:_identify(ros2_ws/src/r2d2_bringup) by extensions ['colcon_pkg']
[0.520s] Level 1:colcon.colcon_core.package_identification:_identify(ros2_ws/src/r2d2_bringup) by extension 'colcon_pkg'
[0.520s] Level 1:colcon.colcon_core.package_identification:_identify(ros2_ws/src/r2d2_bringup) by extensions ['colcon_meta']
[0.520s] Level 1:colcon.colcon_core.package_identification:_identify(ros2_ws/src/r2d2_bringup) by extension 'colcon_meta'
[0.521s] Level 1:colcon.colcon_core.package_identification:_identify(ros2_ws/src/r2d2_bringup) by extensions ['ros']
[0.521s] Level 1:colcon.colcon_core.package_identification:_identify(ros2_ws/src/r2d2_bringup) by extension 'ros'
[0.525s] DEBUG:colcon.colcon_core.package_identification:Package 'ros2_ws/src/r2d2_bringup' with type 'ros.ament_python' and name 'r2d2_bringup'
[0.525s] Level 1:colcon.colcon_core.package_identification:_identify(ros2_ws/src/r2d2_camera) by extensions ['ignore', 'ignore_ament_install']
[0.526s] Level 1:colcon.colcon_core.package_identification:_identify(ros2_ws/src/r2d2_camera) by extension 'ignore'
[0.526s] Level 1:colcon.colcon_core.package_identification:_identify(ros2_ws/src/r2d2_camera) by extension 'ignore_ament_install'
[0.526s] Level 1:colcon.colcon_core.package_identification:_identify(ros2_ws/src/r2d2_camera) by extensions ['colcon_pkg']
[0.526s] Level 1:colcon.colcon_core.package_identification:_identify(ros2_ws/src/r2d2_camera) by extension 'colcon_pkg'
[0.526s] Level 1:colcon.colcon_core.package_identification:_identify(ros2_ws/src/r2d2_camera) by extensions ['colcon_meta']
[0.526s] Level 1:colcon.colcon_core.package_identification:_identify(ros2_ws/src/r2d2_camera) by extension 'colcon_meta'
[0.526s] Level 1:colcon.colcon_core.package_identification:_identify(ros2_ws/src/r2d2_camera) by extensions ['ros']
[0.526s] Level 1:colcon.colcon_core.package_identification:_identify(ros2_ws/src/r2d2_camera) by extension 'ros'
[0.528s] DEBUG:colcon.colcon_core.package_identification:Package 'ros2_ws/src/r2d2_camera' with type 'ros.ament_python' and name 'r2d2_camera'
[0.528s] Level 1:colcon.colcon_core.package_identification:_identify(ros2_ws/src/r2d2_hello) by extensions ['ignore', 'ignore_ament_install']
[0.528s] Level 1:colcon.colcon_core.package_identification:_identify(ros2_ws/src/r2d2_hello) by extension 'ignore'
[0.528s] Level 1:colcon.colcon_core.package_identification:_identify(ros2_ws/src/r2d2_hello) by extension 'ignore_ament_install'
[0.528s] Level 1:colcon.colcon_core.package_identification:_identify(ros2_ws/src/r2d2_hello) by extensions ['colcon_pkg']
[0.528s] Level 1:colcon.colcon_core.package_identification:_identify(ros2_ws/src/r2d2_hello) by extension 'colcon_pkg'
[0.528s] Level 1:colcon.colcon_core.package_identification:_identify(ros2_ws/src/r2d2_hello) by extensions ['colcon_meta']
[0.528s] Level 1:colcon.colcon_core.package_identification:_identify(ros2_ws/src/r2d2_hello) by extension 'colcon_meta'
[0.528s] Level 1:colcon.colcon_core.package_identification:_identify(ros2_ws/src/r2d2_hello) by extensions ['ros']
[0.529s] Level 1:colcon.colcon_core.package_identification:_identify(ros2_ws/src/r2d2_hello) by extension 'ros'
[0.530s] DEBUG:colcon.colcon_core.package_identification:Package 'ros2_ws/src/r2d2_hello' with type 'ros.ament_python' and name 'r2d2_hello'
[0.530s] Level 1:colcon.colcon_core.package_identification:_identify(ros2_ws/src/r2d2_perception) by extensions ['ignore', 'ignore_ament_install']
[0.530s] Level 1:colcon.colcon_core.package_identification:_identify(ros2_ws/src/r2d2_perception) by extension 'ignore'
[0.530s] Level 1:colcon.colcon_core.package_identification:_identify(ros2_ws/src/r2d2_perception) by extension 'ignore_ament_install'
[0.530s] Level 1:colcon.colcon_core.package_identification:_identify(ros2_ws/src/r2d2_perception) by extensions ['colcon_pkg']
[0.530s] Level 1:colcon.colcon_core.package_identification:_identify(ros2_ws/src/r2d2_perception) by extension 'colcon_pkg'
[0.530s] Level 1:colcon.colcon_core.package_identification:_identify(ros2_ws/src/r2d2_perception) by extensions ['colcon_meta']
[0.530s] Level 1:colcon.colcon_core.package_identification:_identify(ros2_ws/src/r2d2_perception) by extension 'colcon_meta'
[0.530s] Level 1:colcon.colcon_core.package_identification:_identify(ros2_ws/src/r2d2_perception) by extensions ['ros']
[0.530s] Level 1:colcon.colcon_core.package_identification:_identify(ros2_ws/src/r2d2_perception) by extension 'ros'
[0.532s] DEBUG:colcon.colcon_core.package_identification:Package 'ros2_ws/src/r2d2_perception' with type 'ros.ament_python' and name 'r2d2_perception'
[0.532s] Level 1:colcon.colcon_core.package_identification:_identify(scripts) by extensions ['ignore', 'ignore_ament_install']
[0.532s] Level 1:colcon.colcon_core.package_identification:_identify(scripts) by extension 'ignore'
[0.532s] Level 1:colcon.colcon_core.package_identification:_identify(scripts) by extension 'ignore_ament_install'
[0.533s] Level 1:colcon.colcon_core.package_identification:_identify(scripts) by extensions ['colcon_pkg']
[0.533s] Level 1:colcon.colcon_core.package_identification:_identify(scripts) by extension 'colcon_pkg'
[0.533s] Level 1:colcon.colcon_core.package_identification:_identify(scripts) by extensions ['colcon_meta']
[0.533s] Level 1:colcon.colcon_core.package_identification:_identify(scripts) by extension 'colcon_meta'
[0.533s] Level 1:colcon.colcon_core.package_identification:_identify(scripts) by extensions ['ros']
[0.533s] Level 1:colcon.colcon_core.package_identification:_identify(scripts) by extension 'ros'
[0.533s] Level 1:colcon.colcon_core.package_identification:_identify(scripts) by extensions ['cmake', 'python']
[0.533s] Level 1:colcon.colcon_core.package_identification:_identify(scripts) by extension 'cmake'
[0.533s] Level 1:colcon.colcon_core.package_identification:_identify(scripts) by extension 'python'
[0.533s] Level 1:colcon.colcon_core.package_identification:_identify(scripts) by extensions ['python_setup_py']
[0.533s] Level 1:colcon.colcon_core.package_identification:_identify(scripts) by extension 'python_setup_py'
[0.534s] Level 1:colcon.colcon_core.package_identification:_identify(tests) by extensions ['ignore', 'ignore_ament_install']
[0.534s] Level 1:colcon.colcon_core.package_identification:_identify(tests) by extension 'ignore'
[0.534s] Level 1:colcon.colcon_core.package_identification:_identify(tests) by extension 'ignore_ament_install'
[0.534s] Level 1:colcon.colcon_core.package_identification:_identify(tests) by extensions ['colcon_pkg']
[0.534s] Level 1:colcon.colcon_core.package_identification:_identify(tests) by extension 'colcon_pkg'
[0.534s] Level 1:colcon.colcon_core.package_identification:_identify(tests) by extensions ['colcon_meta']
[0.534s] Level 1:colcon.colcon_core.package_identification:_identify(tests) by extension 'colcon_meta'
[0.534s] Level 1:colcon.colcon_core.package_identification:_identify(tests) by extensions ['ros']
[0.534s] Level 1:colcon.colcon_core.package_identification:_identify(tests) by extension 'ros'
[0.534s] Level 1:colcon.colcon_core.package_identification:_identify(tests) by extensions ['cmake', 'python']
[0.534s] Level 1:colcon.colcon_core.package_identification:_identify(tests) by extension 'cmake'
[0.535s] Level 1:colcon.colcon_core.package_identification:_identify(tests) by extension 'python'
[0.535s] Level 1:colcon.colcon_core.package_identification:_identify(tests) by extensions ['python_setup_py']
[0.535s] Level 1:colcon.colcon_core.package_identification:_identify(tests) by extension 'python_setup_py'
[0.535s] Level 1:colcon.colcon_core.package_identification:_identify(tests/audio) by extensions ['ignore', 'ignore_ament_install']
[0.535s] Level 1:colcon.colcon_core.package_identification:_identify(tests/audio) by extension 'ignore'
[0.535s] Level 1:colcon.colcon_core.package_identification:_identify(tests/audio) by extension 'ignore_ament_install'
[0.535s] Level 1:colcon.colcon_core.package_identification:_identify(tests/audio) by extensions ['colcon_pkg']
[0.535s] Level 1:colcon.colcon_core.package_identification:_identify(tests/audio) by extension 'colcon_pkg'
[0.535s] Level 1:colcon.colcon_core.package_identification:_identify(tests/audio) by extensions ['colcon_meta']
[0.535s] Level 1:colcon.colcon_core.package_identification:_identify(tests/audio) by extension 'colcon_meta'
[0.535s] Level 1:colcon.colcon_core.package_identification:_identify(tests/audio) by extensions ['ros']
[0.536s] Level 1:colcon.colcon_core.package_identification:_identify(tests/audio) by extension 'ros'
[0.536s] Level 1:colcon.colcon_core.package_identification:_identify(tests/audio) by extensions ['cmake', 'python']
[0.536s] Level 1:colcon.colcon_core.package_identification:_identify(tests/audio) by extension 'cmake'
[0.536s] Level 1:colcon.colcon_core.package_identification:_identify(tests/audio) by extension 'python'
[0.536s] Level 1:colcon.colcon_core.package_identification:_identify(tests/audio) by extensions ['python_setup_py']
[0.536s] Level 1:colcon.colcon_core.package_identification:_identify(tests/audio) by extension 'python_setup_py'
[0.536s] Level 1:colcon.colcon_core.package_identification:_identify(tests/camera) by extensions ['ignore', 'ignore_ament_install']
[0.536s] Level 1:colcon.colcon_core.package_identification:_identify(tests/camera) by extension 'ignore'
[0.536s] Level 1:colcon.colcon_core.package_identification:_identify(tests/camera) by extension 'ignore_ament_install'
[0.536s] Level 1:colcon.colcon_core.package_identification:_identify(tests/camera) by extensions ['colcon_pkg']
[0.537s] Level 1:colcon.colcon_core.package_identification:_identify(tests/camera) by extension 'colcon_pkg'
[0.537s] Level 1:colcon.colcon_core.package_identification:_identify(tests/camera) by extensions ['colcon_meta']
[0.537s] Level 1:colcon.colcon_core.package_identification:_identify(tests/camera) by extension 'colcon_meta'
[0.537s] Level 1:colcon.colcon_core.package_identification:_identify(tests/camera) by extensions ['ros']
[0.537s] Level 1:colcon.colcon_core.package_identification:_identify(tests/camera) by extension 'ros'
[0.537s] Level 1:colcon.colcon_core.package_identification:_identify(tests/camera) by extensions ['cmake', 'python']
[0.537s] Level 1:colcon.colcon_core.package_identification:_identify(tests/camera) by extension 'cmake'
[0.537s] Level 1:colcon.colcon_core.package_identification:_identify(tests/camera) by extension 'python'
[0.537s] Level 1:colcon.colcon_core.package_identification:_identify(tests/camera) by extensions ['python_setup_py']
[0.537s] Level 1:colcon.colcon_core.package_identification:_identify(tests/camera) by extension 'python_setup_py'
[0.538s] Level 1:colcon.colcon_core.package_identification:_identify(tests/face_recognition) by extensions ['ignore', 'ignore_ament_install']
[0.538s] Level 1:colcon.colcon_core.package_identification:_identify(tests/face_recognition) by extension 'ignore'
[0.538s] Level 1:colcon.colcon_core.package_identification:_identify(tests/face_recognition) by extension 'ignore_ament_install'
[0.538s] Level 1:colcon.colcon_core.package_identification:_identify(tests/face_recognition) by extensions ['colcon_pkg']
[0.538s] Level 1:colcon.colcon_core.package_identification:_identify(tests/face_recognition) by extension 'colcon_pkg'
[0.538s] Level 1:colcon.colcon_core.package_identification:_identify(tests/face_recognition) by extensions ['colcon_meta']
[0.538s] Level 1:colcon.colcon_core.package_identification:_identify(tests/face_recognition) by extension 'colcon_meta'
[0.538s] Level 1:colcon.colcon_core.package_identification:_identify(tests/face_recognition) by extensions ['ros']
[0.538s] Level 1:colcon.colcon_core.package_identification:_identify(tests/face_recognition) by extension 'ros'
[0.538s] Level 1:colcon.colcon_core.package_identification:_identify(tests/face_recognition) by extensions ['cmake', 'python']
[0.538s] Level 1:colcon.colcon_core.package_identification:_identify(tests/face_recognition) by extension 'cmake'
[0.539s] Level 1:colcon.colcon_core.package_identification:_identify(tests/face_recognition) by extension 'python'
[0.539s] Level 1:colcon.colcon_core.package_identification:_identify(tests/face_recognition) by extensions ['python_setup_py']
[0.539s] Level 1:colcon.colcon_core.package_identification:_identify(tests/face_recognition) by extension 'python_setup_py'
[0.539s] Level 1:colcon.colcon_core.package_identification:_identify(tests/face_recognition/__pycache__) by extensions ['ignore', 'ignore_ament_install']
[0.539s] Level 1:colcon.colcon_core.package_identification:_identify(tests/face_recognition/__pycache__) by extension 'ignore'
[0.539s] Level 1:colcon.colcon_core.package_identification:_identify(tests/face_recognition/__pycache__) by extension 'ignore_ament_install'
[0.539s] Level 1:colcon.colcon_core.package_identification:_identify(tests/face_recognition/__pycache__) by extensions ['colcon_pkg']
[0.539s] Level 1:colcon.colcon_core.package_identification:_identify(tests/face_recognition/__pycache__) by extension 'colcon_pkg'
[0.539s] Level 1:colcon.colcon_core.package_identification:_identify(tests/face_recognition/__pycache__) by extensions ['colcon_meta']
[0.539s] Level 1:colcon.colcon_core.package_identification:_identify(tests/face_recognition/__pycache__) by extension 'colcon_meta'
[0.539s] Level 1:colcon.colcon_core.package_identification:_identify(tests/face_recognition/__pycache__) by extensions ['ros']
[0.540s] Level 1:colcon.colcon_core.package_identification:_identify(tests/face_recognition/__pycache__) by extension 'ros'
[0.540s] Level 1:colcon.colcon_core.package_identification:_identify(tests/face_recognition/__pycache__) by extensions ['cmake', 'python']
[0.540s] Level 1:colcon.colcon_core.package_identification:_identify(tests/face_recognition/__pycache__) by extension 'cmake'
[0.540s] Level 1:colcon.colcon_core.package_identification:_identify(tests/face_recognition/__pycache__) by extension 'python'
[0.540s] Level 1:colcon.colcon_core.package_identification:_identify(tests/face_recognition/__pycache__) by extensions ['python_setup_py']
[0.540s] Level 1:colcon.colcon_core.package_identification:_identify(tests/face_recognition/__pycache__) by extension 'python_setup_py'
[0.540s] Level 1:colcon.colcon_core.package_identification:_identify(tests/gpu) by extensions ['ignore', 'ignore_ament_install']
[0.540s] Level 1:colcon.colcon_core.package_identification:_identify(tests/gpu) by extension 'ignore'
[0.540s] Level 1:colcon.colcon_core.package_identification:_identify(tests/gpu) by extension 'ignore_ament_install'
[0.540s] Level 1:colcon.colcon_core.package_identification:_identify(tests/gpu) by extensions ['colcon_pkg']
[0.541s] Level 1:colcon.colcon_core.package_identification:_identify(tests/gpu) by extension 'colcon_pkg'
[0.541s] Level 1:colcon.colcon_core.package_identification:_identify(tests/gpu) by extensions ['colcon_meta']
[0.541s] Level 1:colcon.colcon_core.package_identification:_identify(tests/gpu) by extension 'colcon_meta'
[0.541s] Level 1:colcon.colcon_core.package_identification:_identify(tests/gpu) by extensions ['ros']
[0.541s] Level 1:colcon.colcon_core.package_identification:_identify(tests/gpu) by extension 'ros'
[0.541s] Level 1:colcon.colcon_core.package_identification:_identify(tests/gpu) by extensions ['cmake', 'python']
[0.541s] Level 1:colcon.colcon_core.package_identification:_identify(tests/gpu) by extension 'cmake'
[0.541s] Level 1:colcon.colcon_core.package_identification:_identify(tests/gpu) by extension 'python'
[0.541s] Level 1:colcon.colcon_core.package_identification:_identify(tests/gpu) by extensions ['python_setup_py']
[0.541s] Level 1:colcon.colcon_core.package_identification:_identify(tests/gpu) by extension 'python_setup_py'
[0.541s] Level 1:colcon.colcon_core.package_identification:_identify(windows) by extensions ['ignore', 'ignore_ament_install']
[0.542s] Level 1:colcon.colcon_core.package_identification:_identify(windows) by extension 'ignore'
[0.542s] Level 1:colcon.colcon_core.package_identification:_identify(windows) by extension 'ignore_ament_install'
[0.542s] Level 1:colcon.colcon_core.package_identification:_identify(windows) by extensions ['colcon_pkg']
[0.542s] Level 1:colcon.colcon_core.package_identification:_identify(windows) by extension 'colcon_pkg'
[0.542s] Level 1:colcon.colcon_core.package_identification:_identify(windows) by extensions ['colcon_meta']
[0.542s] Level 1:colcon.colcon_core.package_identification:_identify(windows) by extension 'colcon_meta'
[0.542s] Level 1:colcon.colcon_core.package_identification:_identify(windows) by extensions ['ros']
[0.542s] Level 1:colcon.colcon_core.package_identification:_identify(windows) by extension 'ros'
[0.542s] Level 1:colcon.colcon_core.package_identification:_identify(windows) by extensions ['cmake', 'python']
[0.542s] Level 1:colcon.colcon_core.package_identification:_identify(windows) by extension 'cmake'
[0.542s] Level 1:colcon.colcon_core.package_identification:_identify(windows) by extension 'python'
[0.542s] Level 1:colcon.colcon_core.package_identification:_identify(windows) by extensions ['python_setup_py']
[0.543s] Level 1:colcon.colcon_core.package_identification:_identify(windows) by extension 'python_setup_py'
[0.543s] Level 1:colcon.colcon_core.package_discovery:discover_packages(recursive) using defaults
[0.543s] Level 1:colcon.colcon_core.package_discovery:discover_packages(ignore) discover
[0.543s] Level 1:colcon.colcon_core.package_discovery:discover_packages(ignore) using defaults
[0.543s] Level 1:colcon.colcon_core.package_discovery:discover_packages(path) discover
[0.543s] Level 1:colcon.colcon_core.package_discovery:discover_packages(path) using defaults
